<?xml version="1.0" encoding="UTF-8"?>
<testng-results skipped="0" failed="0" ignored="0" total="1" passed="1">
  <reporter-output>
  </reporter-output>
  <suite name="Default suite" duration-ms="17678" started-at="2018-11-27T07:03:26Z" finished-at="2018-11-27T07:03:43Z">
    <groups>
    </groups>
    <test name="Default test" duration-ms="17678" started-at="2018-11-27T07:03:26Z" finished-at="2018-11-27T07:03:43Z">
      <class name="CaptureScreenshot.FaceBook_Screenshot">
        <test-method status="PASS" signature="CaptureScreenshot()[pri:0, instance:CaptureScreenshot.FaceBook_Screenshot@2833cc44]" name="CaptureScreenshot" duration-ms="16533" started-at="2018-11-27T07:03:26Z" finished-at="2018-11-27T07:03:42Z">
          <reporter-output>
          </reporter-output>
        </test-method> <!-- CaptureScreenshot -->
        <test-method status="PASS" signature="tearDown(org.testng.ITestResult)[pri:0, instance:CaptureScreenshot.FaceBook_Screenshot@2833cc44]" name="tearDown" is-config="true" duration-ms="1106" started-at="2018-11-27T07:03:42Z" finished-at="2018-11-27T07:03:43Z">
          <params>
            <param index="0">
              <value>
                <![CDATA[[TestResult name=CaptureScreenshot status=SUCCESS method=FaceBook_Screenshot.CaptureScreenshot()[pri:0, instance:CaptureScreenshot.FaceBook_Screenshot@2833cc44] output={null}]]]>
              </value>
            </param>
          </params>
          <reporter-output>
          </reporter-output>
        </test-method> <!-- tearDown -->
      </class> <!-- CaptureScreenshot.FaceBook_Screenshot -->
    </test> <!-- Default test -->
  </suite> <!-- Default suite -->
</testng-results>
